{"name": "Check WebTable_6", "status": "broken", "statusDetails": {"message": "selenium.common.exceptions.TimeoutException: Message: \nStacktrace:\n#0 0x56271f279f83 <unknown>\n#1 0x56271ef32cf7 <unknown>\n#2 0x56271ef8299e <unknown>\n#3 0x56271ef82aa1 <unknown>\n#4 0x56271efcdd64 <unknown>\n#5 0x56271efac0dd <unknown>\n#6 0x56271efcb006 <unknown>\n#7 0x56271efabe53 <unknown>\n#8 0x56271ef73dd4 <unknown>\n#9 0x56271ef751de <unknown>\n#10 0x56271f23e531 <unknown>\n#11 0x56271f242455 <unknown>\n#12 0x56271f22af55 <unknown>\n#13 0x56271f2430ef <unknown>\n#14 0x56271f20e99f <unknown>\n#15 0x56271f267008 <unknown>\n#16 0x56271f2671d7 <unknown>\n#17 0x56271f279124 <unknown>\n#18 0x7fd76f6a3ac3 <unknown>", "trace": "self = <test_elements.TestElements.TestWebTable object at 0x7f97d8efee00>, driver = <selenium.webdriver.chrome.webdriver.WebDriver (session=\"d8126fb30218ec57e921f59adc14148b\")>\n\n    @allure.title('Check WebTable_6')\n    def test_web_table_delete_person(self, driver):\n        web_table_page = WebTablePage(driver, 'https://demoqa.com/webtables')\n        web_table_page.open()\n        email = web_table_page.add_new_persons(count=1)[3]\n        web_table_page.search_some_person(email)\n        web_table_page.delete_person()\n>       text = web_table_page.check_delete()\n\ntests/test_elements.py:112: \n_ _ _ _ _ _ _ _ _ _ _ _ _ _ _ _ _ _ _ _ _ _ _ _ _ _ _ _ _ _ _ _ _ _ _ _ _ _ _ _ _ _ _ _ _ _ _ _ _ _ _ _ _ _ _ _ _ _ _ _ _ _ _ _ _ _ _ _ _ _ _ _ _ _ _ _ _ _ _ _ _ _ _ _ _ _ _ _ _ _ _ _ _ _ _ _ _ _ _ _ _ _ _ _ _ _ _ _ _ _ _ _ _ _ _ _ _ _ \npages/elements_page.py:165: in check_delete\n    return self.element_is_present(self.locators.NO_RAWS_ELEMENT).text\npages/base_page.py:16: in element_is_present\n    return wait(self.driver, timeout).until(\n_ _ _ _ _ _ _ _ _ _ _ _ _ _ _ _ _ _ _ _ _ _ _ _ _ _ _ _ _ _ _ _ _ _ _ _ _ _ _ _ _ _ _ _ _ _ _ _ _ _ _ _ _ _ _ _ _ _ _ _ _ _ _ _ _ _ _ _ _ _ _ _ _ _ _ _ _ _ _ _ _ _ _ _ _ _ _ _ _ _ _ _ _ _ _ _ _ _ _ _ _ _ _ _ _ _ _ _ _ _ _ _ _ _ _ _ _ _ \n\nself = <selenium.webdriver.support.wait.WebDriverWait (session=\"d8126fb30218ec57e921f59adc14148b\")>, method = <function presence_of_element_located.<locals>._predicate at 0x7f97d8d41510>, message = ''\n\n    def until(self, method: Callable[[D], Union[Literal[False], T]], message: str = \"\") -> T:\n        \"\"\"Calls the method provided with the driver as an argument until the \\\n        return value does not evaluate to ``False``.\n    \n        :param method: callable(WebDriver)\n        :param message: optional message for :exc:`TimeoutException`\n        :returns: the result of the last call to `method`\n        :raises: :exc:`selenium.common.exceptions.TimeoutException` if timeout occurs\n        \"\"\"\n        screen = None\n        stacktrace = None\n    \n        end_time = time.monotonic() + self._timeout\n        while True:\n            try:\n                value = method(self._driver)\n                if value:\n                    return value\n            except self._ignored_exceptions as exc:\n                screen = getattr(exc, \"screen\", None)\n                stacktrace = getattr(exc, \"stacktrace\", None)\n            time.sleep(self._poll)\n            if time.monotonic() > end_time:\n                break\n>       raise TimeoutException(message, screen, stacktrace)\nE       selenium.common.exceptions.TimeoutException: Message: \nE       Stacktrace:\nE       #0 0x56271f279f83 <unknown>\nE       #1 0x56271ef32cf7 <unknown>\nE       #2 0x56271ef8299e <unknown>\nE       #3 0x56271ef82aa1 <unknown>\nE       #4 0x56271efcdd64 <unknown>\nE       #5 0x56271efac0dd <unknown>\nE       #6 0x56271efcb006 <unknown>\nE       #7 0x56271efabe53 <unknown>\nE       #8 0x56271ef73dd4 <unknown>\nE       #9 0x56271ef751de <unknown>\nE       #10 0x56271f23e531 <unknown>\nE       #11 0x56271f242455 <unknown>\nE       #12 0x56271f22af55 <unknown>\nE       #13 0x56271f2430ef <unknown>\nE       #14 0x56271f20e99f <unknown>\nE       #15 0x56271f267008 <unknown>\nE       #16 0x56271f2671d7 <unknown>\nE       #17 0x56271f279124 <unknown>\nE       #18 0x7fd76f6a3ac3 <unknown>\n\n.venv/lib/python3.10/site-packages/selenium/webdriver/support/wait.py:105: TimeoutException"}, "start": 1707691166953, "stop": 1707691204200, "uuid": "7c1a871f-c681-4628-b5c4-495468dc2f9e", "historyId": "f1e13a1463cb95b938079fab01201d66", "testCaseId": "f1e13a1463cb95b938079fab01201d66", "fullName": "tests.test_elements.TestWebTable#test_web_table_delete_person", "labels": [{"name": "suite", "value": "Elements"}, {"name": "parentSuite", "value": "tests"}, {"name": "subSuite", "value": "TestElements"}, {"name": "host", "value": "norbit-ntb503"}, {"name": "thread", "value": "188375-MainThread"}, {"name": "framework", "value": "pytest"}, {"name": "language", "value": "cpython3"}, {"name": "package", "value": "tests.test_elements"}]}